2025-12-12 12:12:00 | DEBUG | repo=richrates | action=commit
2025-07-03 11:27:00 | DEBUG | repo=richrates | action=commit
2025-11-02 21:36:00 | WARN | repo=richrates | action=edit | files=1
2025-07-07 17:26:00 | WARN | repo=richrates | action=commit
2025-03-08 07:41:00 | WARN | repo=richrates | action=commit
2025-01-14 09:47:00 | WARN | repo=richrates | action=commit
2025-12-11 12:21:00 | WARN | repo=richrates | action=commit
2025-07-22 15:02:00 | DEBUG | repo=richrates | action=commit
2025-05-21 08:51:00 | WARN | repo=richrates | action=commit
2025-06-21 09:18:00 | INFO | repo=richrates | action=commit
2025-09-23 13:24:00 | INFO | repo=richrates | action=commit
2025-01-12 15:33:00 | WARN | repo=richrates | action=edit | files=2
2025-06-11 17:17:00 | DEBUG | repo=richrates | action=commit
2025-04-13 18:45:00 | INFO | repo=richrates | action=commit
2025-04-18 19:35:00 | WARN | repo=richrates | action=commit
2025-07-01 07:15:00 | WARN | repo=richrates | action=commit
2025-07-14 15:09:00 | INFO | repo=richrates | action=commit
2025-01-18 21:15:00 | INFO | repo=richrates | action=commit
2025-11-27 10:31:00 | INFO | repo=richrates | action=pull
2025-04-23 19:56:00 | DEBUG | repo=richrates | action=commit
2025-07-10 07:44:00 | DEBUG | repo=richrates | action=commit
2025-04-11 19:02:00 | INFO | repo=richrates | action=commit
2025-02-21 12:09:00 | WARN | repo=richrates | action=commit
2025-03-15 11:30:00 | INFO | repo=richrates | action=test | passed=true
2025-12-27 08:31:00 | INFO | repo=richrates | action=pull
2025-03-05 07:54:00 | INFO | repo=richrates | action=commit
2025-10-06 13:15:00 | WARN | repo=richrates | action=commit
2025-07-05 09:42:00 | INFO | repo=richrates | action=commit
2025-07-20 09:30:00 | DEBUG | repo=richrates | action=pull
2025-04-06 12:03:00 | DEBUG | repo=richrates | action=edit | files=4
2025-11-25 13:46:00 | DEBUG | repo=richrates | action=commit
2025-07-02 17:04:00 | DEBUG | repo=richrates | action=commit
2025-12-20 07:53:00 | DEBUG | repo=richrates | action=commit
2025-05-08 20:24:00 | INFO | repo=richrates | action=commit
2025-02-21 19:19:00 | WARN | repo=richrates | action=commit
2025-12-03 19:37:00 | INFO | repo=richrates | action=commit
2025-05-22 07:57:00 | WARN | repo=richrates | action=commit
